Unity Editor version:    2020.3.30f1 (1fb1bf06830e)
Branch:                  2020.3/staging
Build type:              Release
Batch mode:              YES
macOS version:           Version 12.4 (Build 21F79)
Darwin version:          21.5.0
Architecture:            x86_64
Running under Rosetta:   NO
Available memory:        8192 MB
Using pre-set license
Pro License: NO

COMMAND LINE ARGUMENTS:
/Applications/Unity/Hub/Editor/2020.3.30f1/Unity.app/Contents/MacOS/Unity
-adb2
-batchMode
-noUpm
-name
AssetImportWorker0
-projectPath
/Users/ilya/Downloads/Brain-Defender-master/BrainDefender
-logFile
Logs/AssetImportWorker0.log
-srvPort
50870
Successfully changed project path to: /Users/ilya/Downloads/Brain-Defender-master/BrainDefender
/Users/ilya/Downloads/Brain-Defender-master/BrainDefender
Using Asset Import Pipeline V2.
Refreshing native plugins compatible for Editor in 84.65 ms, found 3 plugins.
Preloading 0 native plugins for Editor in 0.00 ms.
Initialize engine version: 2020.3.30f1 (1fb1bf06830e)
[Subsystems] Discovering subsystems at path /Applications/Unity/Hub/Editor/2020.3.30f1/Unity.app/Contents/Resources/UnitySubsystems
[Subsystems] Discovering subsystems at path /Users/ilya/Downloads/Brain-Defender-master/BrainDefender/Assets
GfxDevice: creating device client; threaded=0
2022-06-03 23:20:23.030 Unity[3260:209348] Color LCD preferred device: Intel(R) Iris(TM) Graphics 6100 (low power)
2022-06-03 23:20:23.030 Unity[3260:209348] Metal devices available: 1
2022-06-03 23:20:23.031 Unity[3260:209348] 0: Intel(R) Iris(TM) Graphics 6100 (low power)
2022-06-03 23:20:23.031 Unity[3260:209348] Using device Intel(R) Iris(TM) Graphics 6100 (low power)
Initializing Metal device caps: Intel(R) Iris(TM) Graphics 6100
Initialize mono
Mono path[0] = '/Applications/Unity/Hub/Editor/2020.3.30f1/Unity.app/Contents/Managed'
Mono path[1] = '/Applications/Unity/Hub/Editor/2020.3.30f1/Unity.app/Contents/MonoBleedingEdge/lib/mono/unityjit'
Mono config path = '/Applications/Unity/Hub/Editor/2020.3.30f1/Unity.app/Contents/MonoBleedingEdge/etc'
Using monoOptions --debugger-agent=transport=dt_socket,embedding=1,server=y,suspend=n,address=127.0.0.1:56260
Begin MonoManager ReloadAssembly
Registering precompiled unity dll's ...
Register platform support module: /Applications/Unity/Hub/Editor/2020.3.30f1/PlaybackEngines/WebGLSupport/UnityEditor.WebGL.Extensions.dll
Register platform support module: /Applications/Unity/Hub/Editor/2020.3.30f1/Unity.app/Contents/PlaybackEngines/MacStandaloneSupport/UnityEditor.OSXStandalone.Extensions.dll
Registered in 0.003634 seconds.
Native extension for OSXStandalone target not found
Native extension for WebGL target not found
Refreshing native plugins compatible for Editor in 57.61 ms, found 3 plugins.
Preloading 0 native plugins for Editor in 0.00 ms.
Mono: successfully reloaded assembly
- Completed reload, in  0.930 seconds
Domain Reload Profiling:
	ReloadAssembly (930ms)
		BeginReloadAssembly (137ms)
			ExecutionOrderSort (0ms)
			DisableScriptedObjects (0ms)
			BackupInstance (0ms)
			ReleaseScriptingObjects (0ms)
			CreateAndSetChildDomain (1ms)
		EndReloadAssembly (693ms)
			LoadAssemblies (139ms)
			RebuildTransferFunctionScriptingTraits (0ms)
			SetupTypeCache (246ms)
			ReleaseScriptCaches (0ms)
			RebuildScriptCaches (50ms)
			SetupLoadedEditorAssemblies (269ms)
				LogAssemblyErrors (0ms)
				InitializePlatformSupportModulesInManaged (9ms)
				SetLoadedEditorAssemblies (0ms)
				RefreshPlugins (58ms)
				BeforeProcessingInitializeOnLoad (16ms)
				ProcessInitializeOnLoadAttributes (131ms)
				ProcessInitializeOnLoadMethodAttributes (55ms)
				AfterProcessingInitializeOnLoad (0ms)
				EditorAssembliesLoaded (0ms)
			ExecutionOrderSort2 (0ms)
			AwakeInstancesAfterBackupRestoration (0ms)
Platform modules already initialized, skipping
Registering precompiled user dll's ...
Registered in 0.004049 seconds.
Begin MonoManager ReloadAssembly
Native extension for OSXStandalone target not found
Native extension for WebGL target not found
Refreshing native plugins compatible for Editor in 55.62 ms, found 3 plugins.
Preloading 0 native plugins for Editor in 0.00 ms.
Mono: successfully reloaded assembly
- Completed reload, in  1.676 seconds
Domain Reload Profiling:
	ReloadAssembly (1678ms)
		BeginReloadAssembly (199ms)
			ExecutionOrderSort (0ms)
			DisableScriptedObjects (6ms)
			BackupInstance (0ms)
			ReleaseScriptingObjects (0ms)
			CreateAndSetChildDomain (31ms)
		EndReloadAssembly (1400ms)
			LoadAssemblies (148ms)
			RebuildTransferFunctionScriptingTraits (0ms)
			SetupTypeCache (480ms)
			ReleaseScriptCaches (1ms)
			RebuildScriptCaches (98ms)
			SetupLoadedEditorAssemblies (476ms)
				LogAssemblyErrors (0ms)
				InitializePlatformSupportModulesInManaged (6ms)
				SetLoadedEditorAssemblies (0ms)
				RefreshPlugins (56ms)
				BeforeProcessingInitializeOnLoad (87ms)
				ProcessInitializeOnLoadAttributes (301ms)
				ProcessInitializeOnLoadMethodAttributes (26ms)
				AfterProcessingInitializeOnLoad (1ms)
				EditorAssembliesLoaded (0ms)
			ExecutionOrderSort2 (0ms)
			AwakeInstancesAfterBackupRestoration (9ms)
Platform modules already initialized, skipping
Validating Project structure ... 0.002014 seconds.
Shader import version has changed; will reimport all shaders...
Upgrading shader files ...0.002743 seconds.
Application.AssetDatabase Initial Script Refresh Start
RefreshInfo: InitialScriptRefreshV2(NoUpdateAssetOptions) scanfilter:  ... 1 filters
RefreshProfiler: Total: 0.000ms
Application.AssetDatabase Initial Script Refresh End
Application.AssetDatabase.Refresh Start
Application.AssetDatabase.Refresh End
RefreshInfo: StopAssetImportingV2(ForceSynchronousImport) scanfilter: 
RefreshProfiler: Total: 0.000ms
Launching external process: /Applications/Unity/Hub/Editor/2020.3.30f1/Unity.app/Contents/Tools/UnityShaderCompiler
Launched and connected shader compiler UnityShaderCompiler after 0.02 seconds
Initializing Unity extensions:
[C# Project] Writing /Users/ilya/Downloads/Brain-Defender-master/BrainDefender/BrainDefender.sln because it has changed
[C# Project] First difference on line 4

[C# Project] Current /Users/ilya/Downloads/Brain-Defender-master/BrainDefender/BrainDefender.sln:
[C# Project]   004: Project("{FAE04EC0-301F-11D3-BF4B-00C04F79EFBC}") = "Assembly-CSharp", "Assembly-CSharp.csproj", "{03DD77AF-797C-D1BA-AA58-95C904067F01}"
[C# Project]   005: EndProject
[C# Project]   006: Global
[C# Project]   007: 	GlobalSection(SolutionConfigurationPlatforms) = preSolution
[C# Project]   008: 		Debug|Any CPU = Debug|Any CPU

[C# Project] New /Users/ilya/Downloads/Brain-Defender-master/BrainDefender/BrainDefender.sln:
[C# Project]   004: Project("{FAE04EC0-301F-11D3-BF4B-00C04F79EFBC}") = "Unity.2D.PixelPerfect.Tests", "Unity.2D.PixelPerfect.Tests.csproj", "{E223237F-7F08-95D3-5ECA-23FA6C509603}"
[C# Project]   005: EndProject
[C# Project]   006: Project("{FAE04EC0-301F-11D3-BF4B-00C04F79EFBC}") = "UnityEngine.TestRunner", "UnityEngine.TestRunner.csproj", "{A7EF14EA-3035-32F9-978A-4C7B3E86D7BB}"
[C# Project]   007: EndProject
[C# Project]   008: Project("{FAE04EC0-301F-11D3-BF4B-00C04F79EFBC}") = "Unity.Mathematics", "Unity.Mathematics.csproj", "{5569C171-58AC-1D9A-90F8-1B4D3E67BC8B}"
[C# Project] Writing /Users/ilya/Downloads/Brain-Defender-master/BrainDefender/Assembly-CSharp.csproj because it has changed
[C# Project] First difference on line 640

[C# Project] Current /Users/ilya/Downloads/Brain-Defender-master/BrainDefender/Assembly-CSharp.csproj:
[C# Project]   640:  <Reference Include="Unity.2D.Animation.Editor">
[C# Project]   641:  <HintPath>/Users/ilya/Downloads/Brain-Defender-master/BrainDefender/Library/ScriptAssemblies/Unity.2D.Animation.Editor.dll</HintPath>
[C# Project]   642:  </Reference>
[C# Project]   643:  <Reference Include="Unity.InternalAPIEngineBridge.001">
[C# Project]   644:  <HintPath>/Users/ilya/Downloads/Brain-Defender-master/BrainDefender/Library/ScriptAssemblies/Unity.InternalAPIEngineBridge.001.dll</HintPath>

[C# Project] New /Users/ilya/Downloads/Brain-Defender-master/BrainDefender/Assembly-CSharp.csproj:
[C# Project]   640:   </ItemGroup>
[C# Project]   641:   <ItemGroup>
[C# Project]   642:     <ProjectReference Include="Unity.2D.Animation.Editor.csproj">
[C# Project]   643:       <Project>{55E68B95-5A48-C73B-8193-D6920D64337B}</Project>
[C# Project]   644:       <Name>Unity.2D.Animation.Editor</Name>
2022-06-03 23:20:28.457 Unity[3260:209348] NSEventModifierFlagFunction specified to -setKeyEquivalentModifierMask: for item <NSMenuItem: 0x600001e3e920 Font Asset, ke='Command-F12'>, but is only supported for system-provided menu items; will not be used
2022-06-03 23:20:28.461 Unity[3260:209348] NSEventModifierFlagFunction specified to -setKeyEquivalentModifierMask: for item <NSMenuItem: 0x600001e51030 Font Asset, ke='Command-F12'>, but is only supported for system-provided menu items; will not be used
========================================================================
Worker process is ready to serve import requests
Refreshing native plugins compatible for Editor in 0.50 ms, found 3 plugins.
Preloading 0 native plugins for Editor in 0.00 ms.
Unloading 2220 Unused Serialized files (Serialized files now loaded: 0)
System memory in use before: 212.8 MB.
System memory in use after: 212.0 MB.

Unloading 115 unused Assets to reduce memory usage. Loaded Objects now: 2697.
Total: 5.232037 ms (FindLiveObjects: 0.377214 ms CreateObjectMapping: 0.206142 ms MarkObjects: 4.046853 ms  DeleteObjects: 0.591830 ms)

AssetImportParameters requested are different than current active one (requested -> active):
  custom:video-decoder-ogg-theora: a1e56fd34408186e4bbccfd4996cb3dc -> 
  custom:container-muxer-webm: aa71ff27fc2769a1b78a27578f13a17b -> 
  custom:container-demuxer-webm: 4f35f7cbe854078d1ac9338744f61a02 -> 
  custom:container-demuxer-ogg: 62fdf1f143b41e24485cea50d1cbac27 -> 
  custom:video-encoder-webm-vp8: eb34c28f22e8b96e1ab97ce403110664 -> 
  custom:framework-osx-AVFoundation: e770b220cccbd017edd2c1fefb359320 -> 
  custom:video-decoder-webm-vp8: 9c59270c3fd7afecdb556c50c9e8de78 -> 
  custom:audio-decoder-ogg-vorbis: bf7c407c2cedff20999df2af8eb42d56 -> 
  custom:audio-encoder-webm-vorbis: bf7c407c2cedff20999df2af8eb42d56 -> 
========================================================================
Received Import Request.
  path: Assets/Scripts/Game/Spawn Manager
  artifactKey: Guid(971f64075abf33040a1f6764e07790be) Importer(815301076,1909f56bfc062723c751e8b465ee728b)
Start importing Assets/Scripts/Game/Spawn Manager using Guid(971f64075abf33040a1f6764e07790be) Importer(815301076,1909f56bfc062723c751e8b465ee728b)  -> (artifact id: '8365ebc8a3d6f7ce16aa79aa7b3a66fc') in 0.008467 seconds 
========================================================================
Received Import Request.
  Time since last request: 1.224722 seconds.
  path: Assets/Scripts/Menu
  artifactKey: Guid(d6b02a4142e6caa4799247fe1dd9dee5) Importer(815301076,1909f56bfc062723c751e8b465ee728b)
Start importing Assets/Scripts/Menu using Guid(d6b02a4142e6caa4799247fe1dd9dee5) Importer(815301076,1909f56bfc062723c751e8b465ee728b)  -> (artifact id: 'f016df2f761099260a9ceaddbedbda4d') in 0.006167 seconds 
========================================================================
Received Import Request.
  Time since last request: 3.221285 seconds.
  path: Assets/Scripts/Menu/MovingBackgroundElements
  artifactKey: Guid(ce916752586e41c4b8da0c6ec08e40db) Importer(815301076,1909f56bfc062723c751e8b465ee728b)
Start importing Assets/Scripts/Menu/MovingBackgroundElements using Guid(ce916752586e41c4b8da0c6ec08e40db) Importer(815301076,1909f56bfc062723c751e8b465ee728b)  -> (artifact id: 'd84b1ea5daba4a7538637cbc3ebb39ae') in 0.005276 seconds 
========================================================================
Received Import Request.
  Time since last request: 57.813294 seconds.
  path: Assets/Scripts/Menu/MovingBackgroundElements/Clouds.cs
  artifactKey: Guid(a54a7fe37228c574e8028347893dfa43) Importer(815301076,1909f56bfc062723c751e8b465ee728b)
Start importing Assets/Scripts/Menu/MovingBackgroundElements/Clouds.cs using Guid(a54a7fe37228c574e8028347893dfa43) Importer(815301076,1909f56bfc062723c751e8b465ee728b)  -> (artifact id: '6be51866f9158787c67fd4bc8e30569c') in 0.644228 seconds 
========================================================================
Received Import Request.
  Time since last request: 0.000685 seconds.
  path: Assets/Scripts/Menu/MovingBackgroundElements/MovingBackgroundElements.cs
  artifactKey: Guid(a98e0c09d4601f94bb103fc8b248eb04) Importer(815301076,1909f56bfc062723c751e8b465ee728b)
Start importing Assets/Scripts/Menu/MovingBackgroundElements/MovingBackgroundElements.cs using Guid(a98e0c09d4601f94bb103fc8b248eb04) Importer(815301076,1909f56bfc062723c751e8b465ee728b)  -> (artifact id: '4dce00e0eecaf9558850c49d9ac317f8') in 0.015732 seconds 
========================================================================
Received Import Request.
  Time since last request: 8.534173 seconds.
  path: Assets/Scripts/Menu/MovingBackgroundElements/ZombiesPedestrians.cs
  artifactKey: Guid(d92a19b36956ce04695f43e312dd7b4b) Importer(815301076,1909f56bfc062723c751e8b465ee728b)
Start importing Assets/Scripts/Menu/MovingBackgroundElements/ZombiesPedestrians.cs using Guid(d92a19b36956ce04695f43e312dd7b4b) Importer(815301076,1909f56bfc062723c751e8b465ee728b)  -> (artifact id: 'e71445b8c4d87b6c78cb7cccf6169b25') in 0.006026 seconds 
========================================================================
Received Import Request.
  Time since last request: 149.911866 seconds.
  path: Assets/Scripts/Game/Enemy/EnemyAnimator.cs
  artifactKey: Guid(4313758797926e74f9d6f57c3484e04c) Importer(815301076,1909f56bfc062723c751e8b465ee728b)
Start importing Assets/Scripts/Game/Enemy/EnemyAnimator.cs using Guid(4313758797926e74f9d6f57c3484e04c) Importer(815301076,1909f56bfc062723c751e8b465ee728b)  -> (artifact id: 'a7ecb3751f5d097eb49cff32fcd57678') in 0.007087 seconds 
========================================================================
Received Import Request.
  Time since last request: 2520.678182 seconds.
  path: Assets/Prefabs/Zombie Bucket Object.prefab
  artifactKey: Guid(2eafebd7ff7c6a34db6e77dc58bdc5a7) Importer(815301076,1909f56bfc062723c751e8b465ee728b)
Start importing Assets/Prefabs/Zombie Bucket Object.prefab using Guid(2eafebd7ff7c6a34db6e77dc58bdc5a7) Importer(815301076,1909f56bfc062723c751e8b465ee728b)  -> (artifact id: '7058f6a7afa2b0a687a2e632085c2b4b') in 1.770729 seconds 
========================================================================
Received Import Request.
  Time since last request: 6.629533 seconds.
  path: Assets/Scenes/Game.unity
  artifactKey: Guid(1741c648e0075f5428eaa6c5f8bca17d) Importer(815301076,1909f56bfc062723c751e8b465ee728b)
Start importing Assets/Scenes/Game.unity using Guid(1741c648e0075f5428eaa6c5f8bca17d) Importer(815301076,1909f56bfc062723c751e8b465ee728b)  -> (artifact id: '4dae7da1989cef4bf26c28d500eb3aaf') in 0.003064 seconds 
